<?xml version="1.0" encoding="UTF-8"?>
<!-- Generated by org.testng.reporters.JUnitReportReporter -->
<testsuite hostname="LAPTOP-44P8CNIJ" failures="0" tests="1" name="ActiTimeProject.TestActiTime" time="29.084" errors="0" timestamp="2024-10-31T14:40:47 IST" skipped="0">
  <testcase classname="ActiTimeProject.TestActiTime" name="ClickOnUser" time="29.084"/>
  <system-out>
    <![CDATA[DataBase : Data Base Connected successfully
 Browser Launch : Browser Launched successfully!
Login : Login successfull!
Logout : Successefully Logout!
Close : Driver closed successfully!
DataBase : Database Disconnected successfully!]]>
  </system-out>
</testsuite> <!-- ActiTimeProject.TestActiTime -->
