<?xml version="1.0" encoding="UTF-8"?>
<!-- Generated by org.testng.reporters.JUnitReportReporter -->
<testsuite hostname="LAPTOP-44P8CNIJ" failures="0" tests="1" name="ActiTimeProject.fb" time="0.017" errors="0" timestamp="2024-10-31T12:54:28 IST" skipped="0">
  <testcase classname="ActiTimeProject.fb" name="listner" time="0.017">
    <system-out>
      <![CDATA[not executed ]]>
    </system-out>
  </testcase> <!-- listner -->
  <system-out>
    <![CDATA[not executed ]]>
  </system-out>
</testsuite> <!-- ActiTimeProject.fb -->
